* using log directory 'C:/Users/javie/OneDrive/Escritorio/drughelper/Rpackage/drughelper.Rcheck'
* using R version 4.1.0 (2021-05-18)
* using platform: x86_64-w64-mingw32 (64-bit)
* using session charset: ISO8859-1
* using option '--as-cran'
* checking for file 'drughelper/DESCRIPTION' ... OK
* checking extension type ... Package
* this is package 'drughelper' version '0.1.0'
* package encoding: UTF-8
* checking CRAN incoming feasibility ... NOTE
Maintainer: 'Fernando Carazo <fcarazo@tecnun.es>'

New submission
* checking package namespace information ... OK
* checking package dependencies ... OK
* checking if this is a source package ... OK
* checking if there is a namespace ... OK
* checking for executable files ... OK
* checking for hidden files and directories ... OK
* checking for portable file names ... OK
* checking serialization versions ... OK
* checking whether package 'drughelper' can be installed ... OK
* checking installed package size ... OK
* checking package directory ... OK
* checking for future file timestamps ... OK
* checking 'build' directory ... OK
* checking DESCRIPTION meta-information ... NOTE
Package listed in more than one of Depends, Imports, Suggests, Enhances:
  'progress'
A package should be listed in only one of these fields.
* checking top-level files ... NOTE
Non-standard files/directories found at top level:
  'Vignettes' 'chemblTable.py' 'datosChembl.tsv'
* checking for left-over files ... OK
* checking index information ... OK
* checking package subdirectories ... OK
* checking R files for non-ASCII characters ... OK
* checking R files for syntax errors ... OK
* checking whether the package can be loaded ... OK
* checking whether the package can be loaded with stated dependencies ... OK
* checking whether the package can be unloaded cleanly ... OK
* checking whether the namespace can be loaded with stated dependencies ... OK
* checking whether the namespace can be unloaded cleanly ... OK
* checking loading without being on the library search path ... OK
* checking use of S3 registration ... OK
* checking dependencies in R code ... NOTE
Package in Depends field not imported from: 'progress'
  These packages need to be imported from (in the NAMESPACE file)
  for when this namespace is loaded but not attached.
* checking S3 generic/method consistency ... OK
* checking replacement functions ... OK
* checking foreign function calls ... OK
* checking R code for possible problems ... NOTE
addandsort: no visible binding for global variable
  'singleDrugSynonymsChembl'
checkDrugSynonym: no visible binding for global variable 'progress_bar'
checkDrugSynonym: no visible binding for global variable 'datosChembl'
downloadAbsentFile: no visible global function definition for
  'download.file'
Undefined global functions or variables:
  datosChembl download.file progress_bar singleDrugSynonymsChembl
Consider adding
  importFrom("utils", "download.file")
to your NAMESPACE file.
* checking Rd files ... OK
* checking Rd metadata ... OK
* checking Rd line widths ... OK
* checking Rd cross-references ... OK
* checking for missing documentation entries ... OK
* checking for code/documentation mismatches ... OK
* checking Rd \usage sections ... OK
* checking Rd contents ... OK
* checking for unstated dependencies in examples ... OK
 WARNING
'qpdf' is needed for checks on size reduction of PDFs
* checking installed files from 'inst/doc' ... OK
* checking files in 'vignettes' ... OK
* checking examples ... NOTE
Examples with CPU (user + system) or elapsed time > 5s
                 user system elapsed
checkDrugSynonym    1   0.44    6.81
* checking for unstated dependencies in vignettes ... OK
* checking package vignettes in 'inst/doc' ... OK
* checking re-building of vignette outputs ... OK
* checking PDF version of manual ... WARNING
LaTeX errors when creating PDF version.
This typically indicates Rd problems.
LaTeX errors found:
* checking PDF version of manual without hyperrefs or index ... ERROR
* checking for non-standard things in the check directory ... NOTE
Found the following files/directories:
  'drughelper-manual.tex'
* checking for detritus in the temp directory ... OK
* DONE
Status: 1 ERROR, 2 WARNINGs, 7 NOTEs
